<?xml version="1.0" encoding="UTF-8"?>
<!-- Generated by org.testng.reporters.JUnitReportReporter -->
<testsuite hostname="STECH-Mallik" failures="0" tests="1" name="com.org.utility.TestNGSuiteRunner" time="79.819" errors="0" timestamp="2021-06-02T17:18:40 IST" skipped="0">
  <testcase classname="com.org.utility.TestNGSuiteRunner" name="loadtest" time="79.819"/>
  <system-out/>
</testsuite> <!-- com.org.utility.TestNGSuiteRunner -->
