<?xml version="1.0" encoding="UTF-8"?>
<!-- Generated by org.testng.reporters.JUnitReportReporter -->
<testsuite hostname="STECH-Mallik" failures="0" tests="9" name="com.org.testcases.BookingActivityPageTest" time="56.278" errors="0" timestamp="2021-06-09T19:53:44 IST" skipped="4">
  <testcase classname="com.org.testcases.BookingActivityPageTest" name="loginApp" time="4.470"/>
  <system-out/>
  <testcase classname="com.org.testcases.BookingActivityPageTest" name="searchItemTest" time="5.781"/>
  <system-out/>
  <testcase classname="com.org.testcases.BookingActivityPageTest" name="invoiceSearchTextBoxCorrectDataTest" time="1.277"/>
  <system-out/>
  <testcase classname="com.org.testcases.BookingActivityPageTest" name="generateInvoiceTest" time="34.095"/>
  <system-out/>
  <testcase classname="com.org.testcases.BookingActivityPageTest" name="generateCreditNotesTest" time="10.655"/>
  <system-out/>
  <testcase classname="com.org.testcases.BookingActivityPageTest" name="invoiceSearchTextBoxSpecialCharacterTest">
    <skipped/>
  </testcase> <!-- invoiceSearchTextBoxSpecialCharacterTest -->
  <system-out/>
  <testcase classname="com.org.testcases.BookingActivityPageTest" name="SearchTextBoxBlankDataTest">
    <skipped/>
  </testcase> <!-- SearchTextBoxBlankDataTest -->
  <system-out/>
  <testcase classname="com.org.testcases.BookingActivityPageTest" name="invoiceSearchTextBoxIntegerDataTest">
    <skipped/>
  </testcase> <!-- invoiceSearchTextBoxIntegerDataTest -->
  <system-out/>
  <testcase classname="com.org.testcases.BookingActivityPageTest" name="invoiceSearchTextBoxStringDataTest">
    <skipped/>
  </testcase> <!-- invoiceSearchTextBoxStringDataTest -->
  <system-out/>
</testsuite> <!-- com.org.testcases.BookingActivityPageTest -->
