<?xml version="1.0" encoding="UTF-8"?>
<!-- Generated by org.testng.reporters.JUnitReportReporter -->
<testsuite hostname="STECH-Mallik" failures="0" tests="1" name="com.org.testcases.TestFile" time="2.846" errors="0" timestamp="2021-03-06T03:02:23 IST" skipped="0">
  <testcase classname="com.org.testcases.TestFile" name="loginapp" time="2.846"/>
  <system-out/>
</testsuite> <!-- com.org.testcases.TestFile -->
