<?xml version="1.0" encoding="UTF-8"?>
<!-- Generated by org.testng.reporters.JUnitReportReporter -->
<testsuite hostname="STECH-Mallik" failures="0" tests="9" name="com.org.testcases.BookingActivityPageTest" time="75.778" errors="0" timestamp="2021-06-09T22:45:39 IST" skipped="0">
  <testcase classname="com.org.testcases.BookingActivityPageTest" name="loginApp" time="2.837"/>
  <system-out/>
  <testcase classname="com.org.testcases.BookingActivityPageTest" name="searchItemTest" time="5.896"/>
  <system-out/>
  <testcase classname="com.org.testcases.BookingActivityPageTest" name="invoiceSearchTextBoxStringDataTest" time="1.296"/>
  <system-out/>
  <testcase classname="com.org.testcases.BookingActivityPageTest" name="invoiceSearchTextBoxIntegerDataTest" time="1.012"/>
  <system-out/>
  <testcase classname="com.org.testcases.BookingActivityPageTest" name="SearchTextBoxBlankDataTest" time="2.394"/>
  <system-out/>
  <testcase classname="com.org.testcases.BookingActivityPageTest" name="invoiceSearchTextBoxSpecialCharacterTest" time="1.039"/>
  <system-out/>
  <testcase classname="com.org.testcases.BookingActivityPageTest" name="invoiceSearchTextBoxCorrectDataTest" time="1.229"/>
  <system-out/>
  <testcase classname="com.org.testcases.BookingActivityPageTest" name="generateInvoiceTest" time="34.518"/>
  <system-out/>
  <testcase classname="com.org.testcases.BookingActivityPageTest" name="generateCreditNotesTest" time="25.557"/>
  <system-out/>
</testsuite> <!-- com.org.testcases.BookingActivityPageTest -->
