<?xml version="1.0" encoding="UTF-8"?>
<!-- Generated by org.testng.reporters.JUnitReportReporter -->
<testsuite hostname="STECH-Mallik" failures="0" tests="9" name="com.org.testcases.BookingActivityPageTest" time="75.818" errors="0" timestamp="2021-06-10T16:48:56 IST" skipped="0">
  <testcase classname="com.org.testcases.BookingActivityPageTest" name="loginApp" time="3.250"/>
  <system-out/>
  <testcase classname="com.org.testcases.BookingActivityPageTest" name="searchItemTest" time="5.889"/>
  <system-out/>
  <testcase classname="com.org.testcases.BookingActivityPageTest" name="invoiceSearchTextBoxStringDataTest" time="1.085"/>
  <system-out/>
  <testcase classname="com.org.testcases.BookingActivityPageTest" name="invoiceSearchTextBoxIntegerDataTest" time="0.926"/>
  <system-out/>
  <testcase classname="com.org.testcases.BookingActivityPageTest" name="SearchTextBoxBlankDataTest" time="2.391"/>
  <system-out/>
  <testcase classname="com.org.testcases.BookingActivityPageTest" name="invoiceSearchTextBoxSpecialCharacterTest" time="0.958"/>
  <system-out/>
  <testcase classname="com.org.testcases.BookingActivityPageTest" name="invoiceSearchTextBoxCorrectDataTest" time="1.161"/>
  <system-out/>
  <testcase classname="com.org.testcases.BookingActivityPageTest" name="generateInvoiceTest" time="32.271"/>
  <system-out/>
  <testcase classname="com.org.testcases.BookingActivityPageTest" name="generateCreditNotesTest" time="27.887"/>
  <system-out/>
</testsuite> <!-- com.org.testcases.BookingActivityPageTest -->
