<?xml version="1.0" encoding="UTF-8"?>
<!-- Generated by org.testng.reporters.JUnitReportReporter -->
<testsuite hostname="STECH-Mallik" failures="0" tests="2" name="com.org.testcases.LoginPageTest" time="8.242" errors="0" timestamp="2021-03-06T04:37:22 IST" skipped="0">
  <testcase classname="com.org.testcases.LoginPageTest" name="loginApp" time="3.191"/>
  <system-out/>
  <testcase classname="com.org.testcases.LoginPageTest" name="searchBar" time="5.051"/>
  <system-out/>
</testsuite> <!-- com.org.testcases.LoginPageTest -->
